[0.070s] DEBUG:colcon:Command line arguments: ['/usr/bin/colcon', 'build', '--merge-install']
[0.070s] DEBUG:colcon:Parsed command line arguments: Namespace(log_base=None, log_level=None, verb_name='build', build_base='build', install_base='install', merge_install=True, symlink_install=False, test_result_base=None, continue_on_error=False, executor='parallel', parallel_workers=32, event_handlers=None, ignore_user_meta=False, metas=['./colcon.meta'], base_paths=['.'], packages_ignore=None, packages_ignore_regex=None, paths=None, packages_up_to=None, packages_up_to_regex=None, packages_above=None, packages_above_and_dependencies=None, packages_above_depth=None, packages_select_by_dep=None, packages_skip_by_dep=None, packages_skip_up_to=None, packages_select_build_failed=False, packages_skip_build_finished=False, packages_select_test_failures=False, packages_skip_test_passed=False, packages_select=None, packages_skip=None, packages_select_regex=None, packages_skip_regex=None, packages_start=None, packages_end=None, allow_overriding=[], cmake_args=None, cmake_target=None, cmake_target_skip_unavailable=False, cmake_clean_cache=False, cmake_clean_first=False, cmake_force_configure=False, ament_cmake_args=None, catkin_cmake_args=None, catkin_skip_building_tests=False, mixin_files=None, mixin=None, verb_parser=<colcon_mixin.mixin.mixin_argument.MixinArgumentDecorator object at 0x76e9a9d8c9a0>, verb_extension=<colcon_core.verb.build.BuildVerb object at 0x76e9a9d11630>, main=<bound method BuildVerb.main of <colcon_core.verb.build.BuildVerb object at 0x76e9a9d11630>>, mixin_verb=('build',))
[0.158s] Level 1:colcon.colcon_core.package_discovery:discover_packages(colcon_meta) check parameters
[0.159s] Level 1:colcon.colcon_core.package_discovery:discover_packages(recursive) check parameters
[0.159s] Level 1:colcon.colcon_core.package_discovery:discover_packages(ignore) check parameters
[0.159s] Level 1:colcon.colcon_core.package_discovery:discover_packages(path) check parameters
[0.159s] Level 1:colcon.colcon_core.package_discovery:discover_packages(colcon_meta) discover
[0.159s] Level 1:colcon.colcon_core.package_discovery:discover_packages(recursive) discover
[0.159s] INFO:colcon.colcon_core.package_discovery:Crawling recursively for packages in '/home/ziyang/work_space/mtc_controller_final'
[0.159s] Level 1:colcon.colcon_core.package_identification:_identify(.) by extensions ['ignore', 'ignore_ament_install']
[0.159s] Level 1:colcon.colcon_core.package_identification:_identify(.) by extension 'ignore'
[0.159s] Level 1:colcon.colcon_core.package_identification:_identify(.) by extension 'ignore_ament_install'
[0.159s] Level 1:colcon.colcon_core.package_identification:_identify(.) by extensions ['colcon_pkg']
[0.159s] Level 1:colcon.colcon_core.package_identification:_identify(.) by extension 'colcon_pkg'
[0.159s] Level 1:colcon.colcon_core.package_identification:_identify(.) by extensions ['colcon_meta']
[0.159s] Level 1:colcon.colcon_core.package_identification:_identify(.) by extension 'colcon_meta'
[0.159s] Level 1:colcon.colcon_core.package_identification:_identify(.) by extensions ['ros']
[0.159s] Level 1:colcon.colcon_core.package_identification:_identify(.) by extension 'ros'
[0.169s] Level 1:colcon.colcon_core.package_identification:_identify(.) by extensions ['cmake', 'python']
[0.169s] Level 1:colcon.colcon_core.package_identification:_identify(.) by extension 'cmake'
[0.169s] Level 1:colcon.colcon_core.package_identification:_identify(.) by extension 'python'
[0.169s] Level 1:colcon.colcon_core.package_identification:_identify(.) by extensions ['python_setup_py']
[0.169s] Level 1:colcon.colcon_core.package_identification:_identify(.) by extension 'python_setup_py'
[0.169s] Level 1:colcon.colcon_core.package_identification:_identify(build) by extensions ['ignore', 'ignore_ament_install']
[0.169s] Level 1:colcon.colcon_core.package_identification:_identify(build) by extension 'ignore'
[0.169s] Level 1:colcon.colcon_core.package_identification:_identify(build) ignored
[0.169s] Level 1:colcon.colcon_core.package_identification:_identify(install) by extensions ['ignore', 'ignore_ament_install']
[0.169s] Level 1:colcon.colcon_core.package_identification:_identify(install) by extension 'ignore'
[0.169s] Level 1:colcon.colcon_core.package_identification:_identify(install) ignored
[0.169s] Level 1:colcon.colcon_core.package_identification:_identify(log) by extensions ['ignore', 'ignore_ament_install']
[0.169s] Level 1:colcon.colcon_core.package_identification:_identify(log) by extension 'ignore'
[0.169s] Level 1:colcon.colcon_core.package_identification:_identify(log) ignored
[0.169s] Level 1:colcon.colcon_core.package_identification:_identify(src) by extensions ['ignore', 'ignore_ament_install']
[0.169s] Level 1:colcon.colcon_core.package_identification:_identify(src) by extension 'ignore'
[0.169s] Level 1:colcon.colcon_core.package_identification:_identify(src) by extension 'ignore_ament_install'
[0.169s] Level 1:colcon.colcon_core.package_identification:_identify(src) by extensions ['colcon_pkg']
[0.169s] Level 1:colcon.colcon_core.package_identification:_identify(src) by extension 'colcon_pkg'
[0.169s] Level 1:colcon.colcon_core.package_identification:_identify(src) by extensions ['colcon_meta']
[0.169s] Level 1:colcon.colcon_core.package_identification:_identify(src) by extension 'colcon_meta'
[0.169s] Level 1:colcon.colcon_core.package_identification:_identify(src) by extensions ['ros']
[0.169s] Level 1:colcon.colcon_core.package_identification:_identify(src) by extension 'ros'
[0.171s] DEBUG:colcon.colcon_core.package_identification:Package 'src' with type 'ros.ament_cmake' and name 'mtc_dynamic'
[0.171s] Level 1:colcon.colcon_core.package_discovery:discover_packages(recursive) using defaults
[0.171s] Level 1:colcon.colcon_core.package_discovery:discover_packages(ignore) discover
[0.171s] Level 1:colcon.colcon_core.package_discovery:discover_packages(ignore) using defaults
[0.171s] Level 1:colcon.colcon_core.package_discovery:discover_packages(path) discover
[0.171s] Level 1:colcon.colcon_core.package_discovery:discover_packages(path) using defaults
[0.180s] Level 1:colcon.colcon_core.package_discovery:discover_packages(prefix_path) check parameters
[0.180s] Level 1:colcon.colcon_core.package_discovery:discover_packages(prefix_path) discover
[0.181s] DEBUG:colcon.colcon_installed_package_information.package_discovery:Found 1 installed packages in /home/ziyang/work_space/mtc_controller_final/install
[0.181s] DEBUG:colcon.colcon_installed_package_information.package_discovery:Found 56 installed packages in /home/ziyang/ws_moveit2/install
[0.182s] DEBUG:colcon.colcon_installed_package_information.package_discovery:Found 444 installed packages in /opt/ros/humble
[0.184s] Level 1:colcon.colcon_core.package_discovery:discover_packages(prefix_path) using defaults
[0.209s] Level 5:colcon.colcon_core.verb:set package 'mtc_dynamic' build argument 'cmake_args' from command line to 'None'
[0.209s] Level 5:colcon.colcon_core.verb:set package 'mtc_dynamic' build argument 'cmake_target' from command line to 'None'
[0.209s] Level 5:colcon.colcon_core.verb:set package 'mtc_dynamic' build argument 'cmake_target_skip_unavailable' from command line to 'False'
[0.209s] Level 5:colcon.colcon_core.verb:set package 'mtc_dynamic' build argument 'cmake_clean_cache' from command line to 'False'
[0.209s] Level 5:colcon.colcon_core.verb:set package 'mtc_dynamic' build argument 'cmake_clean_first' from command line to 'False'
[0.209s] Level 5:colcon.colcon_core.verb:set package 'mtc_dynamic' build argument 'cmake_force_configure' from command line to 'False'
[0.209s] Level 5:colcon.colcon_core.verb:set package 'mtc_dynamic' build argument 'ament_cmake_args' from command line to 'None'
[0.209s] Level 5:colcon.colcon_core.verb:set package 'mtc_dynamic' build argument 'catkin_cmake_args' from command line to 'None'
[0.209s] Level 5:colcon.colcon_core.verb:set package 'mtc_dynamic' build argument 'catkin_skip_building_tests' from command line to 'False'
[0.209s] DEBUG:colcon.colcon_core.verb:Building package 'mtc_dynamic' with the following arguments: {'ament_cmake_args': None, 'build_base': '/home/ziyang/work_space/mtc_controller_final/build/mtc_dynamic', 'catkin_cmake_args': None, 'catkin_skip_building_tests': False, 'cmake_args': None, 'cmake_clean_cache': False, 'cmake_clean_first': False, 'cmake_force_configure': False, 'cmake_target': None, 'cmake_target_skip_unavailable': False, 'install_base': '/home/ziyang/work_space/mtc_controller_final/install', 'merge_install': True, 'path': '/home/ziyang/work_space/mtc_controller_final/src', 'symlink_install': False, 'test_result_base': None}
[0.209s] INFO:colcon.colcon_core.executor:Executing jobs using 'parallel' executor
[0.209s] DEBUG:colcon.colcon_parallel_executor.executor.parallel:run_until_complete
[0.210s] INFO:colcon.colcon_ros.task.ament_cmake.build:Building ROS package in '/home/ziyang/work_space/mtc_controller_final/src' with build type 'ament_cmake'
[0.210s] INFO:colcon.colcon_cmake.task.cmake.build:Building CMake package in '/home/ziyang/work_space/mtc_controller_final/src'
[0.211s] INFO:colcon.colcon_core.plugin_system:Skipping extension 'colcon_core.shell.bat': Not used on non-Windows systems
[0.211s] INFO:colcon.colcon_core.shell:Skip shell extension 'powershell' for command environment: Not usable outside of PowerShell
[0.211s] DEBUG:colcon.colcon_core.shell:Skip shell extension 'dsv' for command environment
[0.216s] DEBUG:colcon.colcon_core.event_handler.log_command:Invoking command in '/home/ziyang/work_space/mtc_controller_final/build/mtc_dynamic': CMAKE_PREFIX_PATH=${CMAKE_PREFIX_PATH}:/opt/ros/humble /usr/bin/cmake --build /home/ziyang/work_space/mtc_controller_final/build/mtc_dynamic -- -j32 -l32
[14.239s] DEBUG:colcon.colcon_core.event_handler.log_command:Invoked command in '/home/ziyang/work_space/mtc_controller_final/build/mtc_dynamic' returned '0': CMAKE_PREFIX_PATH=${CMAKE_PREFIX_PATH}:/opt/ros/humble /usr/bin/cmake --build /home/ziyang/work_space/mtc_controller_final/build/mtc_dynamic -- -j32 -l32
[14.245s] DEBUG:colcon.colcon_core.event_handler.log_command:Invoking command in '/home/ziyang/work_space/mtc_controller_final/build/mtc_dynamic': CMAKE_PREFIX_PATH=${CMAKE_PREFIX_PATH}:/opt/ros/humble /usr/bin/cmake --install /home/ziyang/work_space/mtc_controller_final/build/mtc_dynamic
[14.255s] Level 1:colcon.colcon_core.environment:create_environment_scripts_only(mtc_dynamic)
[14.256s] DEBUG:colcon.colcon_core.event_handler.log_command:Invoked command in '/home/ziyang/work_space/mtc_controller_final/build/mtc_dynamic' returned '0': CMAKE_PREFIX_PATH=${CMAKE_PREFIX_PATH}:/opt/ros/humble /usr/bin/cmake --install /home/ziyang/work_space/mtc_controller_final/build/mtc_dynamic
[14.257s] Level 1:colcon.colcon_core.environment:checking '/home/ziyang/work_space/mtc_controller_final/install' for CMake module files
[14.257s] Level 1:colcon.colcon_core.environment:checking '/home/ziyang/work_space/mtc_controller_final/install' for CMake config files
[14.257s] Level 1:colcon.colcon_core.shell:create_environment_hook('mtc_dynamic', 'cmake_prefix_path')
[14.257s] INFO:colcon.colcon_core.shell:Creating environment hook '/home/ziyang/work_space/mtc_controller_final/install/share/mtc_dynamic/hook/cmake_prefix_path.ps1'
[14.258s] INFO:colcon.colcon_core.shell:Creating environment descriptor '/home/ziyang/work_space/mtc_controller_final/install/share/mtc_dynamic/hook/cmake_prefix_path.dsv'
[14.258s] INFO:colcon.colcon_core.shell:Creating environment hook '/home/ziyang/work_space/mtc_controller_final/install/share/mtc_dynamic/hook/cmake_prefix_path.sh'
[14.258s] Level 1:colcon.colcon_core.environment:checking '/home/ziyang/work_space/mtc_controller_final/install/lib'
[14.258s] Level 1:colcon.colcon_core.shell:create_environment_hook('mtc_dynamic', 'ld_library_path_lib')
[14.258s] INFO:colcon.colcon_core.shell:Creating environment hook '/home/ziyang/work_space/mtc_controller_final/install/share/mtc_dynamic/hook/ld_library_path_lib.ps1'
[14.259s] INFO:colcon.colcon_core.shell:Creating environment descriptor '/home/ziyang/work_space/mtc_controller_final/install/share/mtc_dynamic/hook/ld_library_path_lib.dsv'
[14.259s] INFO:colcon.colcon_core.shell:Creating environment hook '/home/ziyang/work_space/mtc_controller_final/install/share/mtc_dynamic/hook/ld_library_path_lib.sh'
[14.259s] Level 1:colcon.colcon_core.environment:checking '/home/ziyang/work_space/mtc_controller_final/install/bin'
[14.259s] Level 1:colcon.colcon_core.environment:checking '/home/ziyang/work_space/mtc_controller_final/install/lib/pkgconfig/mtc_dynamic.pc'
[14.259s] Level 1:colcon.colcon_core.environment:checking '/home/ziyang/work_space/mtc_controller_final/install/lib/python3.10/site-packages'
[14.259s] Level 1:colcon.colcon_core.environment:checking '/home/ziyang/work_space/mtc_controller_final/install/bin'
[14.259s] INFO:colcon.colcon_core.shell:Creating package script '/home/ziyang/work_space/mtc_controller_final/install/share/mtc_dynamic/package.ps1'
[14.260s] INFO:colcon.colcon_core.shell:Creating package descriptor '/home/ziyang/work_space/mtc_controller_final/install/share/mtc_dynamic/package.dsv'
[14.260s] INFO:colcon.colcon_core.shell:Creating package script '/home/ziyang/work_space/mtc_controller_final/install/share/mtc_dynamic/package.sh'
[14.260s] INFO:colcon.colcon_core.shell:Creating package script '/home/ziyang/work_space/mtc_controller_final/install/share/mtc_dynamic/package.bash'
[14.260s] INFO:colcon.colcon_core.shell:Creating package script '/home/ziyang/work_space/mtc_controller_final/install/share/mtc_dynamic/package.zsh'
[14.261s] Level 1:colcon.colcon_core.environment:create_file_with_runtime_dependencies(/home/ziyang/work_space/mtc_controller_final/install/share/colcon-core/packages/mtc_dynamic)
[14.261s] Level 1:colcon.colcon_core.environment:create_environment_scripts_only(mtc_dynamic)
[14.261s] Level 1:colcon.colcon_core.environment:checking '/home/ziyang/work_space/mtc_controller_final/install' for CMake module files
[14.261s] Level 1:colcon.colcon_core.environment:checking '/home/ziyang/work_space/mtc_controller_final/install' for CMake config files
[14.261s] Level 1:colcon.colcon_core.shell:create_environment_hook('mtc_dynamic', 'cmake_prefix_path')
[14.261s] INFO:colcon.colcon_core.shell:Creating environment hook '/home/ziyang/work_space/mtc_controller_final/install/share/mtc_dynamic/hook/cmake_prefix_path.ps1'
[14.262s] INFO:colcon.colcon_core.shell:Creating environment descriptor '/home/ziyang/work_space/mtc_controller_final/install/share/mtc_dynamic/hook/cmake_prefix_path.dsv'
[14.262s] INFO:colcon.colcon_core.shell:Creating environment hook '/home/ziyang/work_space/mtc_controller_final/install/share/mtc_dynamic/hook/cmake_prefix_path.sh'
[14.262s] Level 1:colcon.colcon_core.environment:checking '/home/ziyang/work_space/mtc_controller_final/install/lib'
[14.262s] Level 1:colcon.colcon_core.shell:create_environment_hook('mtc_dynamic', 'ld_library_path_lib')
[14.262s] INFO:colcon.colcon_core.shell:Creating environment hook '/home/ziyang/work_space/mtc_controller_final/install/share/mtc_dynamic/hook/ld_library_path_lib.ps1'
[14.262s] INFO:colcon.colcon_core.shell:Creating environment descriptor '/home/ziyang/work_space/mtc_controller_final/install/share/mtc_dynamic/hook/ld_library_path_lib.dsv'
[14.262s] INFO:colcon.colcon_core.shell:Creating environment hook '/home/ziyang/work_space/mtc_controller_final/install/share/mtc_dynamic/hook/ld_library_path_lib.sh'
[14.263s] Level 1:colcon.colcon_core.environment:checking '/home/ziyang/work_space/mtc_controller_final/install/bin'
[14.263s] Level 1:colcon.colcon_core.environment:checking '/home/ziyang/work_space/mtc_controller_final/install/lib/pkgconfig/mtc_dynamic.pc'
[14.263s] Level 1:colcon.colcon_core.environment:checking '/home/ziyang/work_space/mtc_controller_final/install/lib/python3.10/site-packages'
[14.263s] Level 1:colcon.colcon_core.environment:checking '/home/ziyang/work_space/mtc_controller_final/install/bin'
[14.263s] INFO:colcon.colcon_core.shell:Creating package script '/home/ziyang/work_space/mtc_controller_final/install/share/mtc_dynamic/package.ps1'
[14.263s] INFO:colcon.colcon_core.shell:Creating package descriptor '/home/ziyang/work_space/mtc_controller_final/install/share/mtc_dynamic/package.dsv'
[14.263s] INFO:colcon.colcon_core.shell:Creating package script '/home/ziyang/work_space/mtc_controller_final/install/share/mtc_dynamic/package.sh'
[14.264s] INFO:colcon.colcon_core.shell:Creating package script '/home/ziyang/work_space/mtc_controller_final/install/share/mtc_dynamic/package.bash'
[14.264s] INFO:colcon.colcon_core.shell:Creating package script '/home/ziyang/work_space/mtc_controller_final/install/share/mtc_dynamic/package.zsh'
[14.264s] Level 1:colcon.colcon_core.environment:create_file_with_runtime_dependencies(/home/ziyang/work_space/mtc_controller_final/install/share/colcon-core/packages/mtc_dynamic)
[14.265s] DEBUG:colcon.colcon_parallel_executor.executor.parallel:closing loop
[14.265s] DEBUG:colcon.colcon_parallel_executor.executor.parallel:loop closed
[14.265s] DEBUG:colcon.colcon_parallel_executor.executor.parallel:run_until_complete finished with '0'
[14.265s] DEBUG:colcon.colcon_core.event_reactor:joining thread
[14.267s] INFO:colcon.colcon_core.plugin_system:Skipping extension 'colcon_notification.desktop_notification.terminal_notifier': Not used on non-Darwin systems
[14.267s] INFO:colcon.colcon_core.plugin_system:Skipping extension 'colcon_notification.desktop_notification.win32': Not used on non-Windows systems
[14.267s] INFO:colcon.colcon_notification.desktop_notification:Sending desktop notification using 'notify2'
[14.276s] DEBUG:colcon.colcon_core.event_reactor:joined thread
[14.277s] INFO:colcon.colcon_core.shell:Creating prefix script '/home/ziyang/work_space/mtc_controller_final/install/local_setup.ps1'
[14.278s] INFO:colcon.colcon_core.shell:Creating prefix util module '/home/ziyang/work_space/mtc_controller_final/install/_local_setup_util_ps1.py'
[14.278s] INFO:colcon.colcon_core.shell:Creating prefix chain script '/home/ziyang/work_space/mtc_controller_final/install/setup.ps1'
[14.279s] INFO:colcon.colcon_core.shell:Creating prefix script '/home/ziyang/work_space/mtc_controller_final/install/local_setup.sh'
[14.279s] INFO:colcon.colcon_core.shell:Creating prefix util module '/home/ziyang/work_space/mtc_controller_final/install/_local_setup_util_sh.py'
[14.280s] INFO:colcon.colcon_core.shell:Creating prefix chain script '/home/ziyang/work_space/mtc_controller_final/install/setup.sh'
[14.281s] INFO:colcon.colcon_core.shell:Creating prefix script '/home/ziyang/work_space/mtc_controller_final/install/local_setup.bash'
[14.281s] INFO:colcon.colcon_core.shell:Creating prefix chain script '/home/ziyang/work_space/mtc_controller_final/install/setup.bash'
[14.281s] INFO:colcon.colcon_core.shell:Creating prefix script '/home/ziyang/work_space/mtc_controller_final/install/local_setup.zsh'
[14.282s] INFO:colcon.colcon_core.shell:Creating prefix chain script '/home/ziyang/work_space/mtc_controller_final/install/setup.zsh'
