[0.006s] Invoking command in '/home/ziyang/work_space/mtc_controller_final/build/mtc_dynamic': CMAKE_PREFIX_PATH=${CMAKE_PREFIX_PATH}:/opt/ros/humble /usr/bin/cmake --build /home/ziyang/work_space/mtc_controller_final/build/mtc_dynamic -- -j32 -l32
[0.041s] [ 36%] Built target pick_place_demo_parameters
[0.041s] [ 36%] Built target collectEnvDemo_parameters
[0.055s] [35m[1mConsolidate compiler generated dependencies of target mtc_dynamic_pick_place_task[0m
[0.076s] [ 45%] [32mBuilding CXX object CMakeFiles/mtc_dynamic_pick_place_task.dir/src/pick_place_task.cpp.o[0m
[3.729s] [01m[K/home/ziyang/work_space/mtc_controller_final/src/src/pick_place_task.cpp:[m[K In member function ‘[01m[Kbool mtc_dynamic::PickPlaceTask::init(const SharedPtr&, const pick_place_task_demo::Params&)[m[K’:
[3.729s] [01m[K/home/ziyang/work_space/mtc_controller_final/src/src/pick_place_task.cpp:437:12:[m[K [01;35m[Kwarning: [m[Kvariable ‘[01m[Ksecond_pick_ptr[m[K’ set but not used [[01;35m[K]8;;https://gcc.gnu.org/onlinedocs/gcc/Warning-Options.html#index-Wunused-but-set-variable-Wunused-but-set-variable]8;;[m[K]
[3.729s]   437 |     Stage* [01;35m[Ksecond_pick_ptr[m[K = nullptr;
[3.729s]       |            [01;35m[K^~~~~~~~~~~~~~~[m[K
[13.592s] [ 54%] [32m[1mLinking CXX shared library libmtc_dynamic_pick_place_task.so[0m
[13.803s] [ 63%] Built target mtc_dynamic_pick_place_task
[13.826s] [ 72%] [32m[1mLinking CXX executable collectEnvDemo[0m
[13.827s] [ 81%] [32m[1mLinking CXX executable pick_place_demo[0m
[14.005s] [ 90%] Built target mtc_dynamic_pick_place_demo
[14.022s] [100%] Built target mtc_dynamic_collectEnvDemo
[14.029s] Invoked command in '/home/ziyang/work_space/mtc_controller_final/build/mtc_dynamic' returned '0': CMAKE_PREFIX_PATH=${CMAKE_PREFIX_PATH}:/opt/ros/humble /usr/bin/cmake --build /home/ziyang/work_space/mtc_controller_final/build/mtc_dynamic -- -j32 -l32
[14.035s] Invoking command in '/home/ziyang/work_space/mtc_controller_final/build/mtc_dynamic': CMAKE_PREFIX_PATH=${CMAKE_PREFIX_PATH}:/opt/ros/humble /usr/bin/cmake --install /home/ziyang/work_space/mtc_controller_final/build/mtc_dynamic
[14.039s] -- Install configuration: "Release"
[14.040s] -- Installing: /home/ziyang/work_space/mtc_controller_final/install/lib/libmtc_dynamic_pick_place_task.so
[14.042s] -- Set runtime path of "/home/ziyang/work_space/mtc_controller_final/install/lib/libmtc_dynamic_pick_place_task.so" to ""
[14.042s] -- Up-to-date: /home/ziyang/work_space/mtc_controller_final/install/include/mtc_dynamic
[14.042s] -- Up-to-date: /home/ziyang/work_space/mtc_controller_final/install/include/mtc_dynamic/collectEnvDemo_parameters.hpp
[14.042s] -- Up-to-date: /home/ziyang/work_space/mtc_controller_final/install/include/mtc_dynamic/pick_place_demo_parameters.hpp
[14.042s] -- Installing: /home/ziyang/work_space/mtc_controller_final/install/lib/mtc_dynamic/pick_place_demo
[14.043s] -- Set runtime path of "/home/ziyang/work_space/mtc_controller_final/install/lib/mtc_dynamic/pick_place_demo" to ""
[14.043s] -- Up-to-date: /home/ziyang/work_space/mtc_controller_final/install/include/mtc_dynamic
[14.043s] -- Up-to-date: /home/ziyang/work_space/mtc_controller_final/install/include/mtc_dynamic/collectEnvDemo_parameters.hpp
[14.043s] -- Up-to-date: /home/ziyang/work_space/mtc_controller_final/install/include/mtc_dynamic/pick_place_demo_parameters.hpp
[14.043s] -- Installing: /home/ziyang/work_space/mtc_controller_final/install/lib/mtc_dynamic/collectEnvDemo
[14.043s] -- Set runtime path of "/home/ziyang/work_space/mtc_controller_final/install/lib/mtc_dynamic/collectEnvDemo" to ""
[14.043s] -- Up-to-date: /home/ziyang/work_space/mtc_controller_final/install/share/mtc_dynamic/launch
[14.043s] -- Up-to-date: /home/ziyang/work_space/mtc_controller_final/install/share/mtc_dynamic/launch/real_robot_moveit.launch.py
[14.044s] -- Up-to-date: /home/ziyang/work_space/mtc_controller_final/install/share/mtc_dynamic/launch/demo.launch.py
[14.044s] -- Up-to-date: /home/ziyang/work_space/mtc_controller_final/install/share/mtc_dynamic/launch/run.launch.py
[14.044s] -- Up-to-date: /home/ziyang/work_space/mtc_controller_final/install/share/mtc_dynamic/config
[14.044s] -- Up-to-date: /home/ziyang/work_space/mtc_controller_final/install/share/mtc_dynamic/config/mtc.rviz
[14.044s] -- Up-to-date: /home/ziyang/work_space/mtc_controller_final/install/share/mtc_dynamic/config/octomap.yaml
[14.044s] -- Up-to-date: /home/ziyang/work_space/mtc_controller_final/install/share/mtc_dynamic/config/panda_config.yaml
[14.044s] -- Up-to-date: /home/ziyang/work_space/mtc_controller_final/install/share/mtc_dynamic/config/gripper_moveit_controllers.yaml
[14.044s] -- Up-to-date: /home/ziyang/work_space/mtc_controller_final/install/share/ament_index/resource_index/package_run_dependencies/mtc_dynamic
[14.044s] -- Up-to-date: /home/ziyang/work_space/mtc_controller_final/install/share/ament_index/resource_index/parent_prefix_path/mtc_dynamic
[14.044s] -- Up-to-date: /home/ziyang/work_space/mtc_controller_final/install/share/mtc_dynamic/environment/ament_prefix_path.sh
[14.044s] -- Up-to-date: /home/ziyang/work_space/mtc_controller_final/install/share/mtc_dynamic/environment/ament_prefix_path.dsv
[14.044s] -- Up-to-date: /home/ziyang/work_space/mtc_controller_final/install/share/mtc_dynamic/environment/path.sh
[14.044s] -- Up-to-date: /home/ziyang/work_space/mtc_controller_final/install/share/mtc_dynamic/environment/path.dsv
[14.044s] -- Up-to-date: /home/ziyang/work_space/mtc_controller_final/install/share/mtc_dynamic/local_setup.bash
[14.044s] -- Up-to-date: /home/ziyang/work_space/mtc_controller_final/install/share/mtc_dynamic/local_setup.sh
[14.044s] -- Up-to-date: /home/ziyang/work_space/mtc_controller_final/install/share/mtc_dynamic/local_setup.zsh
[14.044s] -- Up-to-date: /home/ziyang/work_space/mtc_controller_final/install/share/mtc_dynamic/local_setup.dsv
[14.044s] -- Installing: /home/ziyang/work_space/mtc_controller_final/install/share/mtc_dynamic/package.dsv
[14.044s] -- Up-to-date: /home/ziyang/work_space/mtc_controller_final/install/share/ament_index/resource_index/packages/mtc_dynamic
[14.045s] -- Up-to-date: /home/ziyang/work_space/mtc_controller_final/install/share/mtc_dynamic/cmake/mtc_dynamicConfig.cmake
[14.045s] -- Up-to-date: /home/ziyang/work_space/mtc_controller_final/install/share/mtc_dynamic/cmake/mtc_dynamicConfig-version.cmake
[14.045s] -- Up-to-date: /home/ziyang/work_space/mtc_controller_final/install/share/mtc_dynamic/package.xml
[14.046s] Invoked command in '/home/ziyang/work_space/mtc_controller_final/build/mtc_dynamic' returned '0': CMAKE_PREFIX_PATH=${CMAKE_PREFIX_PATH}:/opt/ros/humble /usr/bin/cmake --install /home/ziyang/work_space/mtc_controller_final/build/mtc_dynamic
