[0.006s] Invoking command in '/home/ziyang/work_space/mtc_controller_final/build/mtc_dynamic': CMAKE_PREFIX_PATH=${CMAKE_PREFIX_PATH}:/opt/ros/humble /usr/bin/cmake --build /home/ziyang/work_space/mtc_controller_final/build/mtc_dynamic -- -j32 -l32
[0.039s] [ 18%] Built target collectEnvDemo_parameters
[0.039s] [ 36%] Built target pick_place_demo_parameters
[0.050s] [35m[1mConsolidate compiler generated dependencies of target mtc_dynamic_pick_place_task[0m
[0.070s] [ 45%] [32mBuilding CXX object CMakeFiles/mtc_dynamic_pick_place_task.dir/src/pick_place_task.cpp.o[0m
[13.911s] [ 54%] [32m[1mLinking CXX shared library libmtc_dynamic_pick_place_task.so[0m
[14.130s] [ 63%] Built target mtc_dynamic_pick_place_task
[14.151s] [ 72%] [32m[1mLinking CXX executable pick_place_demo[0m
[14.152s] [ 81%] [32m[1mLinking CXX executable collectEnvDemo[0m
[14.327s] [ 90%] Built target mtc_dynamic_pick_place_demo
[14.342s] [100%] Built target mtc_dynamic_collectEnvDemo
[14.349s] Invoked command in '/home/ziyang/work_space/mtc_controller_final/build/mtc_dynamic' returned '0': CMAKE_PREFIX_PATH=${CMAKE_PREFIX_PATH}:/opt/ros/humble /usr/bin/cmake --build /home/ziyang/work_space/mtc_controller_final/build/mtc_dynamic -- -j32 -l32
[14.354s] Invoking command in '/home/ziyang/work_space/mtc_controller_final/build/mtc_dynamic': CMAKE_PREFIX_PATH=${CMAKE_PREFIX_PATH}:/opt/ros/humble /usr/bin/cmake --install /home/ziyang/work_space/mtc_controller_final/build/mtc_dynamic
[14.359s] -- Install configuration: "Release"
[14.359s] -- Installing: /home/ziyang/work_space/mtc_controller_final/install/lib/libmtc_dynamic_pick_place_task.so
[14.360s] -- Set runtime path of "/home/ziyang/work_space/mtc_controller_final/install/lib/libmtc_dynamic_pick_place_task.so" to ""
[14.360s] -- Up-to-date: /home/ziyang/work_space/mtc_controller_final/install/include/mtc_dynamic
[14.360s] -- Up-to-date: /home/ziyang/work_space/mtc_controller_final/install/include/mtc_dynamic/collectEnvDemo_parameters.hpp
[14.360s] -- Up-to-date: /home/ziyang/work_space/mtc_controller_final/install/include/mtc_dynamic/pick_place_demo_parameters.hpp
[14.360s] -- Installing: /home/ziyang/work_space/mtc_controller_final/install/lib/mtc_dynamic/pick_place_demo
[14.360s] -- Set runtime path of "/home/ziyang/work_space/mtc_controller_final/install/lib/mtc_dynamic/pick_place_demo" to ""
[14.360s] -- Up-to-date: /home/ziyang/work_space/mtc_controller_final/install/include/mtc_dynamic
[14.360s] -- Up-to-date: /home/ziyang/work_space/mtc_controller_final/install/include/mtc_dynamic/collectEnvDemo_parameters.hpp
[14.360s] -- Up-to-date: /home/ziyang/work_space/mtc_controller_final/install/include/mtc_dynamic/pick_place_demo_parameters.hpp
[14.360s] -- Installing: /home/ziyang/work_space/mtc_controller_final/install/lib/mtc_dynamic/collectEnvDemo
[14.361s] -- Set runtime path of "/home/ziyang/work_space/mtc_controller_final/install/lib/mtc_dynamic/collectEnvDemo" to ""
[14.361s] -- Up-to-date: /home/ziyang/work_space/mtc_controller_final/install/share/mtc_dynamic/launch
[14.361s] -- Up-to-date: /home/ziyang/work_space/mtc_controller_final/install/share/mtc_dynamic/launch/real_robot_moveit.launch.py
[14.361s] -- Up-to-date: /home/ziyang/work_space/mtc_controller_final/install/share/mtc_dynamic/launch/demo.launch.py
[14.361s] -- Up-to-date: /home/ziyang/work_space/mtc_controller_final/install/share/mtc_dynamic/launch/run.launch.py
[14.361s] -- Up-to-date: /home/ziyang/work_space/mtc_controller_final/install/share/mtc_dynamic/config
[14.361s] -- Up-to-date: /home/ziyang/work_space/mtc_controller_final/install/share/mtc_dynamic/config/mtc.rviz
[14.361s] -- Up-to-date: /home/ziyang/work_space/mtc_controller_final/install/share/mtc_dynamic/config/octomap.yaml
[14.361s] -- Installing: /home/ziyang/work_space/mtc_controller_final/install/share/mtc_dynamic/config/panda_config.yaml
[14.361s] -- Up-to-date: /home/ziyang/work_space/mtc_controller_final/install/share/mtc_dynamic/config/gripper_moveit_controllers.yaml
[14.361s] -- Up-to-date: /home/ziyang/work_space/mtc_controller_final/install/share/ament_index/resource_index/package_run_dependencies/mtc_dynamic
[14.361s] -- Up-to-date: /home/ziyang/work_space/mtc_controller_final/install/share/ament_index/resource_index/parent_prefix_path/mtc_dynamic
[14.361s] -- Up-to-date: /home/ziyang/work_space/mtc_controller_final/install/share/mtc_dynamic/environment/ament_prefix_path.sh
[14.361s] -- Up-to-date: /home/ziyang/work_space/mtc_controller_final/install/share/mtc_dynamic/environment/ament_prefix_path.dsv
[14.361s] -- Up-to-date: /home/ziyang/work_space/mtc_controller_final/install/share/mtc_dynamic/environment/path.sh
[14.361s] -- Up-to-date: /home/ziyang/work_space/mtc_controller_final/install/share/mtc_dynamic/environment/path.dsv
[14.362s] -- Up-to-date: /home/ziyang/work_space/mtc_controller_final/install/share/mtc_dynamic/local_setup.bash
[14.362s] -- Up-to-date: /home/ziyang/work_space/mtc_controller_final/install/share/mtc_dynamic/local_setup.sh
[14.362s] -- Up-to-date: /home/ziyang/work_space/mtc_controller_final/install/share/mtc_dynamic/local_setup.zsh
[14.362s] -- Up-to-date: /home/ziyang/work_space/mtc_controller_final/install/share/mtc_dynamic/local_setup.dsv
[14.362s] -- Installing: /home/ziyang/work_space/mtc_controller_final/install/share/mtc_dynamic/package.dsv
[14.362s] -- Up-to-date: /home/ziyang/work_space/mtc_controller_final/install/share/ament_index/resource_index/packages/mtc_dynamic
[14.362s] -- Up-to-date: /home/ziyang/work_space/mtc_controller_final/install/share/mtc_dynamic/cmake/mtc_dynamicConfig.cmake
[14.362s] -- Up-to-date: /home/ziyang/work_space/mtc_controller_final/install/share/mtc_dynamic/cmake/mtc_dynamicConfig-version.cmake
[14.362s] -- Up-to-date: /home/ziyang/work_space/mtc_controller_final/install/share/mtc_dynamic/package.xml
[14.363s] Invoked command in '/home/ziyang/work_space/mtc_controller_final/build/mtc_dynamic' returned '0': CMAKE_PREFIX_PATH=${CMAKE_PREFIX_PATH}:/opt/ros/humble /usr/bin/cmake --install /home/ziyang/work_space/mtc_controller_final/build/mtc_dynamic
