[0.074s] DEBUG:colcon:Command line arguments: ['/usr/bin/colcon', 'build', '--merge-install']
[0.074s] DEBUG:colcon:Parsed command line arguments: Namespace(log_base=None, log_level=None, verb_name='build', build_base='build', install_base='install', merge_install=True, symlink_install=False, test_result_base=None, continue_on_error=False, executor='parallel', parallel_workers=32, event_handlers=None, ignore_user_meta=False, metas=['./colcon.meta'], base_paths=['.'], packages_ignore=None, packages_ignore_regex=None, paths=None, packages_up_to=None, packages_up_to_regex=None, packages_above=None, packages_above_and_dependencies=None, packages_above_depth=None, packages_select_by_dep=None, packages_skip_by_dep=None, packages_skip_up_to=None, packages_select_build_failed=False, packages_skip_build_finished=False, packages_select_test_failures=False, packages_skip_test_passed=False, packages_select=None, packages_skip=None, packages_select_regex=None, packages_skip_regex=None, packages_start=None, packages_end=None, allow_overriding=[], cmake_args=None, cmake_target=None, cmake_target_skip_unavailable=False, cmake_clean_cache=False, cmake_clean_first=False, cmake_force_configure=False, ament_cmake_args=None, catkin_cmake_args=None, catkin_skip_building_tests=False, mixin_files=None, mixin=None, verb_parser=<colcon_mixin.mixin.mixin_argument.MixinArgumentDecorator object at 0x7a8d0bba02e0>, verb_extension=<colcon_core.verb.build.BuildVerb object at 0x7a8d0bb15000>, main=<bound method BuildVerb.main of <colcon_core.verb.build.BuildVerb object at 0x7a8d0bb15000>>, mixin_verb=('build',))
[0.200s] Level 1:colcon.colcon_core.package_discovery:discover_packages(colcon_meta) check parameters
[0.200s] Level 1:colcon.colcon_core.package_discovery:discover_packages(recursive) check parameters
[0.200s] Level 1:colcon.colcon_core.package_discovery:discover_packages(ignore) check parameters
[0.201s] Level 1:colcon.colcon_core.package_discovery:discover_packages(path) check parameters
[0.201s] Level 1:colcon.colcon_core.package_discovery:discover_packages(colcon_meta) discover
[0.201s] Level 1:colcon.colcon_core.package_discovery:discover_packages(recursive) discover
[0.201s] INFO:colcon.colcon_core.package_discovery:Crawling recursively for packages in '/home/ziyang/work_space/mtc_controller_final'
[0.201s] Level 1:colcon.colcon_core.package_identification:_identify(.) by extensions ['ignore', 'ignore_ament_install']
[0.201s] Level 1:colcon.colcon_core.package_identification:_identify(.) by extension 'ignore'
[0.201s] Level 1:colcon.colcon_core.package_identification:_identify(.) by extension 'ignore_ament_install'
[0.201s] Level 1:colcon.colcon_core.package_identification:_identify(.) by extensions ['colcon_pkg']
[0.201s] Level 1:colcon.colcon_core.package_identification:_identify(.) by extension 'colcon_pkg'
[0.201s] Level 1:colcon.colcon_core.package_identification:_identify(.) by extensions ['colcon_meta']
[0.201s] Level 1:colcon.colcon_core.package_identification:_identify(.) by extension 'colcon_meta'
[0.201s] Level 1:colcon.colcon_core.package_identification:_identify(.) by extensions ['ros']
[0.201s] Level 1:colcon.colcon_core.package_identification:_identify(.) by extension 'ros'
[0.213s] Level 1:colcon.colcon_core.package_identification:_identify(.) by extensions ['cmake', 'python']
[0.213s] Level 1:colcon.colcon_core.package_identification:_identify(.) by extension 'cmake'
[0.213s] Level 1:colcon.colcon_core.package_identification:_identify(.) by extension 'python'
[0.213s] Level 1:colcon.colcon_core.package_identification:_identify(.) by extensions ['python_setup_py']
[0.213s] Level 1:colcon.colcon_core.package_identification:_identify(.) by extension 'python_setup_py'
[0.213s] Level 1:colcon.colcon_core.package_identification:_identify(build) by extensions ['ignore', 'ignore_ament_install']
[0.213s] Level 1:colcon.colcon_core.package_identification:_identify(build) by extension 'ignore'
[0.213s] Level 1:colcon.colcon_core.package_identification:_identify(build) ignored
[0.213s] Level 1:colcon.colcon_core.package_identification:_identify(install) by extensions ['ignore', 'ignore_ament_install']
[0.213s] Level 1:colcon.colcon_core.package_identification:_identify(install) by extension 'ignore'
[0.213s] Level 1:colcon.colcon_core.package_identification:_identify(install) ignored
[0.214s] Level 1:colcon.colcon_core.package_identification:_identify(log) by extensions ['ignore', 'ignore_ament_install']
[0.214s] Level 1:colcon.colcon_core.package_identification:_identify(log) by extension 'ignore'
[0.214s] Level 1:colcon.colcon_core.package_identification:_identify(log) ignored
[0.214s] Level 1:colcon.colcon_core.package_identification:_identify(src) by extensions ['ignore', 'ignore_ament_install']
[0.214s] Level 1:colcon.colcon_core.package_identification:_identify(src) by extension 'ignore'
[0.214s] Level 1:colcon.colcon_core.package_identification:_identify(src) by extension 'ignore_ament_install'
[0.214s] Level 1:colcon.colcon_core.package_identification:_identify(src) by extensions ['colcon_pkg']
[0.214s] Level 1:colcon.colcon_core.package_identification:_identify(src) by extension 'colcon_pkg'
[0.214s] Level 1:colcon.colcon_core.package_identification:_identify(src) by extensions ['colcon_meta']
[0.214s] Level 1:colcon.colcon_core.package_identification:_identify(src) by extension 'colcon_meta'
[0.214s] Level 1:colcon.colcon_core.package_identification:_identify(src) by extensions ['ros']
[0.214s] Level 1:colcon.colcon_core.package_identification:_identify(src) by extension 'ros'
[0.216s] DEBUG:colcon.colcon_core.package_identification:Package 'src' with type 'ros.ament_cmake' and name 'mtc_dynamic'
[0.216s] Level 1:colcon.colcon_core.package_discovery:discover_packages(recursive) using defaults
[0.217s] Level 1:colcon.colcon_core.package_discovery:discover_packages(ignore) discover
[0.217s] Level 1:colcon.colcon_core.package_discovery:discover_packages(ignore) using defaults
[0.217s] Level 1:colcon.colcon_core.package_discovery:discover_packages(path) discover
[0.217s] Level 1:colcon.colcon_core.package_discovery:discover_packages(path) using defaults
[0.233s] Level 1:colcon.colcon_core.package_discovery:discover_packages(prefix_path) check parameters
[0.233s] Level 1:colcon.colcon_core.package_discovery:discover_packages(prefix_path) discover
[0.234s] DEBUG:colcon.colcon_installed_package_information.package_discovery:Found 1 installed packages in /home/ziyang/work_space/mtc_controller_final/install
[0.235s] DEBUG:colcon.colcon_installed_package_information.package_discovery:Found 56 installed packages in /home/ziyang/ws_moveit2/install
[0.237s] DEBUG:colcon.colcon_installed_package_information.package_discovery:Found 444 installed packages in /opt/ros/humble
[0.239s] Level 1:colcon.colcon_core.package_discovery:discover_packages(prefix_path) using defaults
[0.272s] Level 5:colcon.colcon_core.verb:set package 'mtc_dynamic' build argument 'cmake_args' from command line to 'None'
[0.272s] Level 5:colcon.colcon_core.verb:set package 'mtc_dynamic' build argument 'cmake_target' from command line to 'None'
[0.272s] Level 5:colcon.colcon_core.verb:set package 'mtc_dynamic' build argument 'cmake_target_skip_unavailable' from command line to 'False'
[0.272s] Level 5:colcon.colcon_core.verb:set package 'mtc_dynamic' build argument 'cmake_clean_cache' from command line to 'False'
[0.273s] Level 5:colcon.colcon_core.verb:set package 'mtc_dynamic' build argument 'cmake_clean_first' from command line to 'False'
[0.273s] Level 5:colcon.colcon_core.verb:set package 'mtc_dynamic' build argument 'cmake_force_configure' from command line to 'False'
[0.273s] Level 5:colcon.colcon_core.verb:set package 'mtc_dynamic' build argument 'ament_cmake_args' from command line to 'None'
[0.273s] Level 5:colcon.colcon_core.verb:set package 'mtc_dynamic' build argument 'catkin_cmake_args' from command line to 'None'
[0.273s] Level 5:colcon.colcon_core.verb:set package 'mtc_dynamic' build argument 'catkin_skip_building_tests' from command line to 'False'
[0.273s] DEBUG:colcon.colcon_core.verb:Building package 'mtc_dynamic' with the following arguments: {'ament_cmake_args': None, 'build_base': '/home/ziyang/work_space/mtc_controller_final/build/mtc_dynamic', 'catkin_cmake_args': None, 'catkin_skip_building_tests': False, 'cmake_args': None, 'cmake_clean_cache': False, 'cmake_clean_first': False, 'cmake_force_configure': False, 'cmake_target': None, 'cmake_target_skip_unavailable': False, 'install_base': '/home/ziyang/work_space/mtc_controller_final/install', 'merge_install': True, 'path': '/home/ziyang/work_space/mtc_controller_final/src', 'symlink_install': False, 'test_result_base': None}
[0.273s] INFO:colcon.colcon_core.executor:Executing jobs using 'parallel' executor
[0.274s] DEBUG:colcon.colcon_parallel_executor.executor.parallel:run_until_complete
[0.274s] INFO:colcon.colcon_ros.task.ament_cmake.build:Building ROS package in '/home/ziyang/work_space/mtc_controller_final/src' with build type 'ament_cmake'
[0.274s] INFO:colcon.colcon_cmake.task.cmake.build:Building CMake package in '/home/ziyang/work_space/mtc_controller_final/src'
[0.275s] INFO:colcon.colcon_core.plugin_system:Skipping extension 'colcon_core.shell.bat': Not used on non-Windows systems
[0.275s] INFO:colcon.colcon_core.shell:Skip shell extension 'powershell' for command environment: Not usable outside of PowerShell
[0.275s] DEBUG:colcon.colcon_core.shell:Skip shell extension 'dsv' for command environment
[0.281s] DEBUG:colcon.colcon_core.event_handler.log_command:Invoking command in '/home/ziyang/work_space/mtc_controller_final/build/mtc_dynamic': CMAKE_PREFIX_PATH=${CMAKE_PREFIX_PATH}:/opt/ros/humble /usr/bin/cmake --build /home/ziyang/work_space/mtc_controller_final/build/mtc_dynamic -- -j32 -l32
[13.970s] DEBUG:colcon.colcon_core.event_handler.log_command:Invoked command in '/home/ziyang/work_space/mtc_controller_final/build/mtc_dynamic' returned '0': CMAKE_PREFIX_PATH=${CMAKE_PREFIX_PATH}:/opt/ros/humble /usr/bin/cmake --build /home/ziyang/work_space/mtc_controller_final/build/mtc_dynamic -- -j32 -l32
[13.976s] DEBUG:colcon.colcon_core.event_handler.log_command:Invoking command in '/home/ziyang/work_space/mtc_controller_final/build/mtc_dynamic': CMAKE_PREFIX_PATH=${CMAKE_PREFIX_PATH}:/opt/ros/humble /usr/bin/cmake --install /home/ziyang/work_space/mtc_controller_final/build/mtc_dynamic
[13.984s] Level 1:colcon.colcon_core.environment:create_environment_scripts_only(mtc_dynamic)
[13.985s] DEBUG:colcon.colcon_core.event_handler.log_command:Invoked command in '/home/ziyang/work_space/mtc_controller_final/build/mtc_dynamic' returned '0': CMAKE_PREFIX_PATH=${CMAKE_PREFIX_PATH}:/opt/ros/humble /usr/bin/cmake --install /home/ziyang/work_space/mtc_controller_final/build/mtc_dynamic
[13.987s] Level 1:colcon.colcon_core.environment:checking '/home/ziyang/work_space/mtc_controller_final/install' for CMake module files
[13.987s] Level 1:colcon.colcon_core.environment:checking '/home/ziyang/work_space/mtc_controller_final/install' for CMake config files
[13.988s] Level 1:colcon.colcon_core.shell:create_environment_hook('mtc_dynamic', 'cmake_prefix_path')
[13.988s] INFO:colcon.colcon_core.shell:Creating environment hook '/home/ziyang/work_space/mtc_controller_final/install/share/mtc_dynamic/hook/cmake_prefix_path.ps1'
[13.988s] INFO:colcon.colcon_core.shell:Creating environment descriptor '/home/ziyang/work_space/mtc_controller_final/install/share/mtc_dynamic/hook/cmake_prefix_path.dsv'
[13.989s] INFO:colcon.colcon_core.shell:Creating environment hook '/home/ziyang/work_space/mtc_controller_final/install/share/mtc_dynamic/hook/cmake_prefix_path.sh'
[13.990s] Level 1:colcon.colcon_core.environment:checking '/home/ziyang/work_space/mtc_controller_final/install/lib'
[13.990s] Level 1:colcon.colcon_core.shell:create_environment_hook('mtc_dynamic', 'ld_library_path_lib')
[13.990s] INFO:colcon.colcon_core.shell:Creating environment hook '/home/ziyang/work_space/mtc_controller_final/install/share/mtc_dynamic/hook/ld_library_path_lib.ps1'
[13.990s] INFO:colcon.colcon_core.shell:Creating environment descriptor '/home/ziyang/work_space/mtc_controller_final/install/share/mtc_dynamic/hook/ld_library_path_lib.dsv'
[13.991s] INFO:colcon.colcon_core.shell:Creating environment hook '/home/ziyang/work_space/mtc_controller_final/install/share/mtc_dynamic/hook/ld_library_path_lib.sh'
[13.991s] Level 1:colcon.colcon_core.environment:checking '/home/ziyang/work_space/mtc_controller_final/install/bin'
[13.991s] Level 1:colcon.colcon_core.environment:checking '/home/ziyang/work_space/mtc_controller_final/install/lib/pkgconfig/mtc_dynamic.pc'
[13.991s] Level 1:colcon.colcon_core.environment:checking '/home/ziyang/work_space/mtc_controller_final/install/lib/python3.10/site-packages'
[13.991s] Level 1:colcon.colcon_core.environment:checking '/home/ziyang/work_space/mtc_controller_final/install/bin'
[13.992s] INFO:colcon.colcon_core.shell:Creating package script '/home/ziyang/work_space/mtc_controller_final/install/share/mtc_dynamic/package.ps1'
[13.992s] INFO:colcon.colcon_core.shell:Creating package descriptor '/home/ziyang/work_space/mtc_controller_final/install/share/mtc_dynamic/package.dsv'
[13.993s] INFO:colcon.colcon_core.shell:Creating package script '/home/ziyang/work_space/mtc_controller_final/install/share/mtc_dynamic/package.sh'
[13.994s] INFO:colcon.colcon_core.shell:Creating package script '/home/ziyang/work_space/mtc_controller_final/install/share/mtc_dynamic/package.bash'
[13.994s] INFO:colcon.colcon_core.shell:Creating package script '/home/ziyang/work_space/mtc_controller_final/install/share/mtc_dynamic/package.zsh'
[13.995s] Level 1:colcon.colcon_core.environment:create_file_with_runtime_dependencies(/home/ziyang/work_space/mtc_controller_final/install/share/colcon-core/packages/mtc_dynamic)
[13.995s] Level 1:colcon.colcon_core.environment:create_environment_scripts_only(mtc_dynamic)
[13.995s] Level 1:colcon.colcon_core.environment:checking '/home/ziyang/work_space/mtc_controller_final/install' for CMake module files
[13.996s] Level 1:colcon.colcon_core.environment:checking '/home/ziyang/work_space/mtc_controller_final/install' for CMake config files
[13.996s] Level 1:colcon.colcon_core.shell:create_environment_hook('mtc_dynamic', 'cmake_prefix_path')
[13.996s] INFO:colcon.colcon_core.shell:Creating environment hook '/home/ziyang/work_space/mtc_controller_final/install/share/mtc_dynamic/hook/cmake_prefix_path.ps1'
[13.996s] INFO:colcon.colcon_core.shell:Creating environment descriptor '/home/ziyang/work_space/mtc_controller_final/install/share/mtc_dynamic/hook/cmake_prefix_path.dsv'
[13.997s] INFO:colcon.colcon_core.shell:Creating environment hook '/home/ziyang/work_space/mtc_controller_final/install/share/mtc_dynamic/hook/cmake_prefix_path.sh'
[13.997s] Level 1:colcon.colcon_core.environment:checking '/home/ziyang/work_space/mtc_controller_final/install/lib'
[13.997s] Level 1:colcon.colcon_core.shell:create_environment_hook('mtc_dynamic', 'ld_library_path_lib')
[13.997s] INFO:colcon.colcon_core.shell:Creating environment hook '/home/ziyang/work_space/mtc_controller_final/install/share/mtc_dynamic/hook/ld_library_path_lib.ps1'
[13.997s] INFO:colcon.colcon_core.shell:Creating environment descriptor '/home/ziyang/work_space/mtc_controller_final/install/share/mtc_dynamic/hook/ld_library_path_lib.dsv'
[13.998s] INFO:colcon.colcon_core.shell:Creating environment hook '/home/ziyang/work_space/mtc_controller_final/install/share/mtc_dynamic/hook/ld_library_path_lib.sh'
[13.998s] Level 1:colcon.colcon_core.environment:checking '/home/ziyang/work_space/mtc_controller_final/install/bin'
[13.998s] Level 1:colcon.colcon_core.environment:checking '/home/ziyang/work_space/mtc_controller_final/install/lib/pkgconfig/mtc_dynamic.pc'
[13.998s] Level 1:colcon.colcon_core.environment:checking '/home/ziyang/work_space/mtc_controller_final/install/lib/python3.10/site-packages'
[13.998s] Level 1:colcon.colcon_core.environment:checking '/home/ziyang/work_space/mtc_controller_final/install/bin'
[13.999s] INFO:colcon.colcon_core.shell:Creating package script '/home/ziyang/work_space/mtc_controller_final/install/share/mtc_dynamic/package.ps1'
[13.999s] INFO:colcon.colcon_core.shell:Creating package descriptor '/home/ziyang/work_space/mtc_controller_final/install/share/mtc_dynamic/package.dsv'
[13.999s] INFO:colcon.colcon_core.shell:Creating package script '/home/ziyang/work_space/mtc_controller_final/install/share/mtc_dynamic/package.sh'
[14.000s] INFO:colcon.colcon_core.shell:Creating package script '/home/ziyang/work_space/mtc_controller_final/install/share/mtc_dynamic/package.bash'
[14.000s] INFO:colcon.colcon_core.shell:Creating package script '/home/ziyang/work_space/mtc_controller_final/install/share/mtc_dynamic/package.zsh'
[14.000s] Level 1:colcon.colcon_core.environment:create_file_with_runtime_dependencies(/home/ziyang/work_space/mtc_controller_final/install/share/colcon-core/packages/mtc_dynamic)
[14.001s] DEBUG:colcon.colcon_parallel_executor.executor.parallel:closing loop
[14.001s] DEBUG:colcon.colcon_parallel_executor.executor.parallel:loop closed
[14.001s] DEBUG:colcon.colcon_parallel_executor.executor.parallel:run_until_complete finished with '0'
[14.001s] DEBUG:colcon.colcon_core.event_reactor:joining thread
[14.007s] INFO:colcon.colcon_core.plugin_system:Skipping extension 'colcon_notification.desktop_notification.terminal_notifier': Not used on non-Darwin systems
[14.007s] INFO:colcon.colcon_core.plugin_system:Skipping extension 'colcon_notification.desktop_notification.win32': Not used on non-Windows systems
[14.007s] INFO:colcon.colcon_notification.desktop_notification:Sending desktop notification using 'notify2'
[14.016s] DEBUG:colcon.colcon_core.event_reactor:joined thread
[14.016s] INFO:colcon.colcon_core.shell:Creating prefix script '/home/ziyang/work_space/mtc_controller_final/install/local_setup.ps1'
[14.017s] INFO:colcon.colcon_core.shell:Creating prefix util module '/home/ziyang/work_space/mtc_controller_final/install/_local_setup_util_ps1.py'
[14.017s] INFO:colcon.colcon_core.shell:Creating prefix chain script '/home/ziyang/work_space/mtc_controller_final/install/setup.ps1'
[14.018s] INFO:colcon.colcon_core.shell:Creating prefix script '/home/ziyang/work_space/mtc_controller_final/install/local_setup.sh'
[14.018s] INFO:colcon.colcon_core.shell:Creating prefix util module '/home/ziyang/work_space/mtc_controller_final/install/_local_setup_util_sh.py'
[14.018s] INFO:colcon.colcon_core.shell:Creating prefix chain script '/home/ziyang/work_space/mtc_controller_final/install/setup.sh'
[14.019s] INFO:colcon.colcon_core.shell:Creating prefix script '/home/ziyang/work_space/mtc_controller_final/install/local_setup.bash'
[14.019s] INFO:colcon.colcon_core.shell:Creating prefix chain script '/home/ziyang/work_space/mtc_controller_final/install/setup.bash'
[14.020s] INFO:colcon.colcon_core.shell:Creating prefix script '/home/ziyang/work_space/mtc_controller_final/install/local_setup.zsh'
[14.020s] INFO:colcon.colcon_core.shell:Creating prefix chain script '/home/ziyang/work_space/mtc_controller_final/install/setup.zsh'
