[0.007s] Invoking command in '/home/ziyang/work_space/mtc_controller_final/build/mtc_dynamic': CMAKE_PREFIX_PATH=${CMAKE_PREFIX_PATH}:/opt/ros/humble /usr/bin/cmake --build /home/ziyang/work_space/mtc_controller_final/build/mtc_dynamic -- -j32 -l32
[0.042s] [ 18%] Built target collectEnvDemo_parameters
[0.044s] [ 36%] Built target pick_place_demo_parameters
[0.058s] [35m[1mConsolidate compiler generated dependencies of target mtc_dynamic_pick_place_task[0m
[0.076s] [ 63%] Built target mtc_dynamic_pick_place_task
[0.100s] [ 81%] Built target mtc_dynamic_pick_place_demo
[0.101s] [100%] Built target mtc_dynamic_collectEnvDemo
[0.108s] Invoked command in '/home/ziyang/work_space/mtc_controller_final/build/mtc_dynamic' returned '0': CMAKE_PREFIX_PATH=${CMAKE_PREFIX_PATH}:/opt/ros/humble /usr/bin/cmake --build /home/ziyang/work_space/mtc_controller_final/build/mtc_dynamic -- -j32 -l32
[0.114s] Invoking command in '/home/ziyang/work_space/mtc_controller_final/build/mtc_dynamic': CMAKE_PREFIX_PATH=${CMAKE_PREFIX_PATH}:/opt/ros/humble /usr/bin/cmake --install /home/ziyang/work_space/mtc_controller_final/build/mtc_dynamic
[0.120s] -- Install configuration: "Release"
[0.120s] -- Up-to-date: /home/ziyang/work_space/mtc_controller_final/install/lib/libmtc_dynamic_pick_place_task.so
[0.120s] -- Up-to-date: /home/ziyang/work_space/mtc_controller_final/install/include/mtc_dynamic
[0.120s] -- Up-to-date: /home/ziyang/work_space/mtc_controller_final/install/include/mtc_dynamic/collectEnvDemo_parameters.hpp
[0.120s] -- Up-to-date: /home/ziyang/work_space/mtc_controller_final/install/include/mtc_dynamic/pick_place_demo_parameters.hpp
[0.120s] -- Up-to-date: /home/ziyang/work_space/mtc_controller_final/install/lib/mtc_dynamic/pick_place_demo
[0.120s] -- Up-to-date: /home/ziyang/work_space/mtc_controller_final/install/include/mtc_dynamic
[0.120s] -- Up-to-date: /home/ziyang/work_space/mtc_controller_final/install/include/mtc_dynamic/collectEnvDemo_parameters.hpp
[0.120s] -- Up-to-date: /home/ziyang/work_space/mtc_controller_final/install/include/mtc_dynamic/pick_place_demo_parameters.hpp
[0.120s] -- Up-to-date: /home/ziyang/work_space/mtc_controller_final/install/lib/mtc_dynamic/collectEnvDemo
[0.120s] -- Up-to-date: /home/ziyang/work_space/mtc_controller_final/install/share/mtc_dynamic/launch
[0.120s] -- Up-to-date: /home/ziyang/work_space/mtc_controller_final/install/share/mtc_dynamic/launch/real_robot_moveit.launch.py
[0.120s] -- Up-to-date: /home/ziyang/work_space/mtc_controller_final/install/share/mtc_dynamic/launch/demo.launch.py
[0.120s] -- Up-to-date: /home/ziyang/work_space/mtc_controller_final/install/share/mtc_dynamic/launch/run.launch.py
[0.121s] -- Up-to-date: /home/ziyang/work_space/mtc_controller_final/install/share/mtc_dynamic/config
[0.121s] -- Up-to-date: /home/ziyang/work_space/mtc_controller_final/install/share/mtc_dynamic/config/mtc.rviz
[0.121s] -- Up-to-date: /home/ziyang/work_space/mtc_controller_final/install/share/mtc_dynamic/config/octomap.yaml
[0.121s] -- Installing: /home/ziyang/work_space/mtc_controller_final/install/share/mtc_dynamic/config/panda_config.yaml
[0.121s] -- Up-to-date: /home/ziyang/work_space/mtc_controller_final/install/share/mtc_dynamic/config/gripper_moveit_controllers.yaml
[0.121s] -- Up-to-date: /home/ziyang/work_space/mtc_controller_final/install/share/ament_index/resource_index/package_run_dependencies/mtc_dynamic
[0.121s] -- Up-to-date: /home/ziyang/work_space/mtc_controller_final/install/share/ament_index/resource_index/parent_prefix_path/mtc_dynamic
[0.121s] -- Up-to-date: /home/ziyang/work_space/mtc_controller_final/install/share/mtc_dynamic/environment/ament_prefix_path.sh
[0.121s] -- Up-to-date: /home/ziyang/work_space/mtc_controller_final/install/share/mtc_dynamic/environment/ament_prefix_path.dsv
[0.121s] -- Up-to-date: /home/ziyang/work_space/mtc_controller_final/install/share/mtc_dynamic/environment/path.sh
[0.121s] -- Up-to-date: /home/ziyang/work_space/mtc_controller_final/install/share/mtc_dynamic/environment/path.dsv
[0.121s] -- Up-to-date: /home/ziyang/work_space/mtc_controller_final/install/share/mtc_dynamic/local_setup.bash
[0.121s] -- Up-to-date: /home/ziyang/work_space/mtc_controller_final/install/share/mtc_dynamic/local_setup.sh
[0.121s] -- Up-to-date: /home/ziyang/work_space/mtc_controller_final/install/share/mtc_dynamic/local_setup.zsh
[0.121s] -- Up-to-date: /home/ziyang/work_space/mtc_controller_final/install/share/mtc_dynamic/local_setup.dsv
[0.121s] -- Installing: /home/ziyang/work_space/mtc_controller_final/install/share/mtc_dynamic/package.dsv
[0.121s] -- Up-to-date: /home/ziyang/work_space/mtc_controller_final/install/share/ament_index/resource_index/packages/mtc_dynamic
[0.121s] -- Up-to-date: /home/ziyang/work_space/mtc_controller_final/install/share/mtc_dynamic/cmake/mtc_dynamicConfig.cmake
[0.121s] -- Up-to-date: /home/ziyang/work_space/mtc_controller_final/install/share/mtc_dynamic/cmake/mtc_dynamicConfig-version.cmake
[0.121s] -- Up-to-date: /home/ziyang/work_space/mtc_controller_final/install/share/mtc_dynamic/package.xml
[0.122s] Invoked command in '/home/ziyang/work_space/mtc_controller_final/build/mtc_dynamic' returned '0': CMAKE_PREFIX_PATH=${CMAKE_PREFIX_PATH}:/opt/ros/humble /usr/bin/cmake --install /home/ziyang/work_space/mtc_controller_final/build/mtc_dynamic
